d:\ddocuments\2019 sem 1\2019 sem 2\kit307 computer graphics\assignment 2\2 after tut 2\t3d-graphics-engine-master\t3d\t3d\debug\vc141.pdb
d:\ddocuments\2019 sem 1\2019 sem 2\kit307 computer graphics\assignment 2\2 after tut 2\t3d-graphics-engine-master\t3d\t3d\debug\vc141.idb
d:\ddocuments\2019 sem 1\2019 sem 2\kit307 computer graphics\assignment 2\2 after tut 2\t3d-graphics-engine-master\t3d\t3d\debug\font.obj
d:\ddocuments\2019 sem 1\2019 sem 2\kit307 computer graphics\assignment 2\2 after tut 2\t3d-graphics-engine-master\t3d\t3d\debug\drawtask.obj
d:\ddocuments\2019 sem 1\2019 sem 2\kit307 computer graphics\assignment 2\2 after tut 2\t3d-graphics-engine-master\t3d\t3d\debug\diagmessagetask.obj
d:\ddocuments\2019 sem 1\2019 sem 2\kit307 computer graphics\assignment 2\2 after tut 2\t3d-graphics-engine-master\t3d\t3d\debug\cylinder.obj
d:\ddocuments\2019 sem 1\2019 sem 2\kit307 computer graphics\assignment 2\2 after tut 2\t3d-graphics-engine-master\t3d\t3d\debug\cube.obj
d:\ddocuments\2019 sem 1\2019 sem 2\kit307 computer graphics\assignment 2\2 after tut 2\t3d-graphics-engine-master\t3d\t3d\debug\component.obj
d:\ddocuments\2019 sem 1\2019 sem 2\kit307 computer graphics\assignment 2\2 after tut 2\t3d-graphics-engine-master\t3d\t3d\debug\colour.obj
d:\ddocuments\2019 sem 1\2019 sem 2\kit307 computer graphics\assignment 2\2 after tut 2\t3d-graphics-engine-master\t3d\t3d\debug\camera.obj
d:\ddocuments\2019 sem 1\2019 sem 2\kit307 computer graphics\assignment 2\2 after tut 2\t3d-graphics-engine-master\t3d\t3d\debug\bullet.obj
d:\ddocuments\2019 sem 1\2019 sem 2\kit307 computer graphics\assignment 2\2 after tut 2\t3d-graphics-engine-master\t3d\t3d\debug\bone.obj
d:\ddocuments\2019 sem 1\2019 sem 2\kit307 computer graphics\assignment 2\2 after tut 2\t3d-graphics-engine-master\t3d\t3d\debug\billboard.obj
d:\ddocuments\2019 sem 1\2019 sem 2\kit307 computer graphics\assignment 2\2 after tut 2\t3d-graphics-engine-master\t3d\t3d\debug\animation.obj
d:\ddocuments\2019 sem 1\2019 sem 2\kit307 computer graphics\assignment 2\2 after tut 2\t3d-graphics-engine-master\t3d\t3d\debug\holeinthewall.obj
d:\ddocuments\2019 sem 1\2019 sem 2\kit307 computer graphics\assignment 2\2 after tut 2\t3d-graphics-engine-master\t3d\t3d\debug\hatfloat.obj
d:\ddocuments\2019 sem 1\2019 sem 2\kit307 computer graphics\assignment 2\2 after tut 2\t3d-graphics-engine-master\t3d\t3d\debug\gunhandle.obj
d:\ddocuments\2019 sem 1\2019 sem 2\kit307 computer graphics\assignment 2\2 after tut 2\t3d-graphics-engine-master\t3d\t3d\debug\compositegun.obj
d:\ddocuments\2019 sem 1\2019 sem 2\kit307 computer graphics\assignment 2\2 after tut 2\t3d-graphics-engine-master\t3d\t3d\debug\cameramovement.obj
d:\ddocuments\2019 sem 1\2019 sem 2\kit307 computer graphics\assignment 2\2 after tut 2\t3d-graphics-engine-master\t3d\t3d\debug\ass2shader.obj
d:\ddocuments\2019 sem 1\2019 sem 2\kit307 computer graphics\assignment 2\2 after tut 2\t3d-graphics-engine-master\t3d\t3d\debug\ass2movie.obj
d:\ddocuments\2019 sem 1\2019 sem 2\kit307 computer graphics\assignment 2\2 after tut 2\t3d-graphics-engine-master\t3d\t3d\debug\animationtest.obj
d:\ddocuments\2019 sem 1\2019 sem 2\kit307 computer graphics\assignment 2\2 after tut 2\t3d-graphics-engine-master\t3d\t3d\debug\mesh.obj
d:\ddocuments\2019 sem 1\2019 sem 2\kit307 computer graphics\assignment 2\2 after tut 2\t3d-graphics-engine-master\t3d\t3d\debug\matrix4x4.obj
d:\ddocuments\2019 sem 1\2019 sem 2\kit307 computer graphics\assignment 2\2 after tut 2\t3d-graphics-engine-master\t3d\t3d\debug\matrix3x3.obj
d:\ddocuments\2019 sem 1\2019 sem 2\kit307 computer graphics\assignment 2\2 after tut 2\t3d-graphics-engine-master\t3d\t3d\debug\math.obj
d:\ddocuments\2019 sem 1\2019 sem 2\kit307 computer graphics\assignment 2\2 after tut 2\t3d-graphics-engine-master\t3d\t3d\debug\material.obj
d:\ddocuments\2019 sem 1\2019 sem 2\kit307 computer graphics\assignment 2\2 after tut 2\t3d-graphics-engine-master\t3d\t3d\debug\main.obj
d:\ddocuments\2019 sem 1\2019 sem 2\kit307 computer graphics\assignment 2\2 after tut 2\t3d-graphics-engine-master\t3d\t3d\debug\lookatbehaviour.obj
d:\ddocuments\2019 sem 1\2019 sem 2\kit307 computer graphics\assignment 2\2 after tut 2\t3d-graphics-engine-master\t3d\t3d\debug\light.obj
d:\ddocuments\2019 sem 1\2019 sem 2\kit307 computer graphics\assignment 2\2 after tut 2\t3d-graphics-engine-master\t3d\t3d\debug\liambillboard.obj
d:\ddocuments\2019 sem 1\2019 sem 2\kit307 computer graphics\assignment 2\2 after tut 2\t3d-graphics-engine-master\t3d\t3d\debug\lampbehaviour.obj
d:\ddocuments\2019 sem 1\2019 sem 2\kit307 computer graphics\assignment 2\2 after tut 2\t3d-graphics-engine-master\t3d\t3d\debug\keyboardcontroller.obj
d:\ddocuments\2019 sem 1\2019 sem 2\kit307 computer graphics\assignment 2\2 after tut 2\t3d-graphics-engine-master\t3d\t3d\debug\input.obj
d:\ddocuments\2019 sem 1\2019 sem 2\kit307 computer graphics\assignment 2\2 after tut 2\t3d-graphics-engine-master\t3d\t3d\debug\houseboatmove.obj
d:\ddocuments\2019 sem 1\2019 sem 2\kit307 computer graphics\assignment 2\2 after tut 2\t3d-graphics-engine-master\t3d\t3d\debug\houseboat.obj
d:\ddocuments\2019 sem 1\2019 sem 2\kit307 computer graphics\assignment 2\2 after tut 2\t3d-graphics-engine-master\t3d\t3d\debug\gltestrenderer.obj
d:\ddocuments\2019 sem 1\2019 sem 2\kit307 computer graphics\assignment 2\2 after tut 2\t3d-graphics-engine-master\t3d\t3d\debug\gltestapplication.obj
d:\ddocuments\2019 sem 1\2019 sem 2\kit307 computer graphics\assignment 2\2 after tut 2\t3d-graphics-engine-master\t3d\t3d\debug\glshader.obj
d:\ddocuments\2019 sem 1\2019 sem 2\kit307 computer graphics\assignment 2\2 after tut 2\t3d-graphics-engine-master\t3d\t3d\debug\glrenderer.obj
d:\ddocuments\2019 sem 1\2019 sem 2\kit307 computer graphics\assignment 2\2 after tut 2\t3d-graphics-engine-master\t3d\t3d\debug\gameobject.obj
d:\ddocuments\2019 sem 1\2019 sem 2\kit307 computer graphics\assignment 2\2 after tut 2\t3d-graphics-engine-master\t3d\t3d\debug\fontcache.obj
d:\ddocuments\2019 sem 1\2019 sem 2\kit307 computer graphics\assignment 2\2 after tut 2\t3d-graphics-engine-master\t3d\t3d\debug\soundtesttask.obj
d:\ddocuments\2019 sem 1\2019 sem 2\kit307 computer graphics\assignment 2\2 after tut 2\t3d-graphics-engine-master\t3d\t3d\debug\soundmanager.obj
d:\ddocuments\2019 sem 1\2019 sem 2\kit307 computer graphics\assignment 2\2 after tut 2\t3d-graphics-engine-master\t3d\t3d\debug\sound.obj
d:\ddocuments\2019 sem 1\2019 sem 2\kit307 computer graphics\assignment 2\2 after tut 2\t3d-graphics-engine-master\t3d\t3d\debug\shadertest.obj
d:\ddocuments\2019 sem 1\2019 sem 2\kit307 computer graphics\assignment 2\2 after tut 2\t3d-graphics-engine-master\t3d\t3d\debug\shader.obj
d:\ddocuments\2019 sem 1\2019 sem 2\kit307 computer graphics\assignment 2\2 after tut 2\t3d-graphics-engine-master\t3d\t3d\debug\rotatebehaviour.obj
d:\ddocuments\2019 sem 1\2019 sem 2\kit307 computer graphics\assignment 2\2 after tut 2\t3d-graphics-engine-master\t3d\t3d\debug\renderer.obj
d:\ddocuments\2019 sem 1\2019 sem 2\kit307 computer graphics\assignment 2\2 after tut 2\t3d-graphics-engine-master\t3d\t3d\debug\rectangle.obj
d:\ddocuments\2019 sem 1\2019 sem 2\kit307 computer graphics\assignment 2\2 after tut 2\t3d-graphics-engine-master\t3d\t3d\debug\quaternion.obj
d:\ddocuments\2019 sem 1\2019 sem 2\kit307 computer graphics\assignment 2\2 after tut 2\t3d-graphics-engine-master\t3d\t3d\debug\pyramid.obj
d:\ddocuments\2019 sem 1\2019 sem 2\kit307 computer graphics\assignment 2\2 after tut 2\t3d-graphics-engine-master\t3d\t3d\debug\planemesh.obj
d:\ddocuments\2019 sem 1\2019 sem 2\kit307 computer graphics\assignment 2\2 after tut 2\t3d-graphics-engine-master\t3d\t3d\debug\plane.obj
d:\ddocuments\2019 sem 1\2019 sem 2\kit307 computer graphics\assignment 2\2 after tut 2\t3d-graphics-engine-master\t3d\t3d\debug\person.obj
d:\ddocuments\2019 sem 1\2019 sem 2\kit307 computer graphics\assignment 2\2 after tut 2\t3d-graphics-engine-master\t3d\t3d\debug\perflogtask.obj
d:\ddocuments\2019 sem 1\2019 sem 2\kit307 computer graphics\assignment 2\2 after tut 2\t3d-graphics-engine-master\t3d\t3d\debug\particlegravity.obj
d:\ddocuments\2019 sem 1\2019 sem 2\kit307 computer graphics\assignment 2\2 after tut 2\t3d-graphics-engine-master\t3d\t3d\debug\particleemitter.obj
d:\ddocuments\2019 sem 1\2019 sem 2\kit307 computer graphics\assignment 2\2 after tut 2\t3d-graphics-engine-master\t3d\t3d\debug\particlebehaviour.obj
d:\ddocuments\2019 sem 1\2019 sem 2\kit307 computer graphics\assignment 2\2 after tut 2\t3d-graphics-engine-master\t3d\t3d\debug\oarpaddle.obj
d:\ddocuments\2019 sem 1\2019 sem 2\kit307 computer graphics\assignment 2\2 after tut 2\t3d-graphics-engine-master\t3d\t3d\debug\oar.obj
d:\ddocuments\2019 sem 1\2019 sem 2\kit307 computer graphics\assignment 2\2 after tut 2\t3d-graphics-engine-master\t3d\t3d\debug\music.obj
d:\ddocuments\2019 sem 1\2019 sem 2\kit307 computer graphics\assignment 2\2 after tut 2\t3d-graphics-engine-master\t3d\t3d\debug\tutorial5.obj
d:\ddocuments\2019 sem 1\2019 sem 2\kit307 computer graphics\assignment 2\2 after tut 2\t3d-graphics-engine-master\t3d\t3d\debug\lamp.obj
d:\ddocuments\2019 sem 1\2019 sem 2\kit307 computer graphics\assignment 2\2 after tut 2\t3d-graphics-engine-master\t3d\t3d\debug\tutorial4.obj
d:\ddocuments\2019 sem 1\2019 sem 2\kit307 computer graphics\assignment 2\2 after tut 2\t3d-graphics-engine-master\t3d\t3d\debug\tutorial1.obj
d:\ddocuments\2019 sem 1\2019 sem 2\kit307 computer graphics\assignment 2\2 after tut 2\t3d-graphics-engine-master\t3d\t3d\debug\transform.obj
d:\ddocuments\2019 sem 1\2019 sem 2\kit307 computer graphics\assignment 2\2 after tut 2\t3d-graphics-engine-master\t3d\t3d\debug\texture.obj
d:\ddocuments\2019 sem 1\2019 sem 2\kit307 computer graphics\assignment 2\2 after tut 2\t3d-graphics-engine-master\t3d\t3d\debug\terrainfollower.obj
d:\ddocuments\2019 sem 1\2019 sem 2\kit307 computer graphics\assignment 2\2 after tut 2\t3d-graphics-engine-master\t3d\t3d\debug\terrain.obj
d:\ddocuments\2019 sem 1\2019 sem 2\kit307 computer graphics\assignment 2\2 after tut 2\t3d-graphics-engine-master\t3d\t3d\debug\tcylinder.obj
d:\ddocuments\2019 sem 1\2019 sem 2\kit307 computer graphics\assignment 2\2 after tut 2\t3d-graphics-engine-master\t3d\t3d\debug\tcube.obj
d:\ddocuments\2019 sem 1\2019 sem 2\kit307 computer graphics\assignment 2\2 after tut 2\t3d-graphics-engine-master\t3d\t3d\debug\task2comp.obj
d:\ddocuments\2019 sem 1\2019 sem 2\kit307 computer graphics\assignment 2\2 after tut 2\t3d-graphics-engine-master\t3d\t3d\debug\task1sweep.obj
d:\ddocuments\2019 sem 1\2019 sem 2\kit307 computer graphics\assignment 2\2 after tut 2\t3d-graphics-engine-master\t3d\t3d\debug\assignment1test.obj
d:\ddocuments\2019 sem 1\2019 sem 2\kit307 computer graphics\assignment 2\2 after tut 2\t3d-graphics-engine-master\t3d\t3d\debug\task.obj
d:\ddocuments\2019 sem 1\2019 sem 2\kit307 computer graphics\assignment 2\2 after tut 2\t3d-graphics-engine-master\t3d\t3d\debug\target.obj
d:\ddocuments\2019 sem 1\2019 sem 2\kit307 computer graphics\assignment 2\2 after tut 2\t3d-graphics-engine-master\t3d\t3d\debug\t3dtest.obj
d:\ddocuments\2019 sem 1\2019 sem 2\kit307 computer graphics\assignment 2\2 after tut 2\t3d-graphics-engine-master\t3d\t3d\debug\t3dapplication.obj
d:\ddocuments\2019 sem 1\2019 sem 2\kit307 computer graphics\assignment 2\2 after tut 2\t3d-graphics-engine-master\t3d\t3d\debug\sweeppath.obj
d:\ddocuments\2019 sem 1\2019 sem 2\kit307 computer graphics\assignment 2\2 after tut 2\t3d-graphics-engine-master\t3d\t3d\debug\sweep.obj
d:\ddocuments\2019 sem 1\2019 sem 2\kit307 computer graphics\assignment 2\2 after tut 2\t3d-graphics-engine-master\t3d\t3d\debug\sphere.obj
d:\ddocuments\2019 sem 1\2019 sem 2\kit307 computer graphics\assignment 2\2 after tut 2\t3d-graphics-engine-master\t3d\t3d\debug\winglapplication.obj
d:\ddocuments\2019 sem 1\2019 sem 2\kit307 computer graphics\assignment 2\2 after tut 2\t3d-graphics-engine-master\t3d\t3d\debug\tutorial6.obj
d:\ddocuments\2019 sem 1\2019 sem 2\kit307 computer graphics\assignment 2\2 after tut 2\t3d-graphics-engine-master\t3d\debug\t3d.ilk
d:\ddocuments\2019 sem 1\2019 sem 2\kit307 computer graphics\assignment 2\2 after tut 2\t3d-graphics-engine-master\t3d\debug\t3d.exe
d:\ddocuments\2019 sem 1\2019 sem 2\kit307 computer graphics\assignment 2\2 after tut 2\t3d-graphics-engine-master\t3d\debug\t3d.pdb
d:\ddocuments\2019 sem 1\2019 sem 2\kit307 computer graphics\assignment 2\2 after tut 2\t3d-graphics-engine-master\t3d\t3d\debug\t3d.tlog\cl.command.1.tlog
d:\ddocuments\2019 sem 1\2019 sem 2\kit307 computer graphics\assignment 2\2 after tut 2\t3d-graphics-engine-master\t3d\t3d\debug\t3d.tlog\cl.read.1.tlog
d:\ddocuments\2019 sem 1\2019 sem 2\kit307 computer graphics\assignment 2\2 after tut 2\t3d-graphics-engine-master\t3d\t3d\debug\t3d.tlog\cl.write.1.tlog
d:\ddocuments\2019 sem 1\2019 sem 2\kit307 computer graphics\assignment 2\2 after tut 2\t3d-graphics-engine-master\t3d\t3d\debug\t3d.tlog\link.command.1.tlog
d:\ddocuments\2019 sem 1\2019 sem 2\kit307 computer graphics\assignment 2\2 after tut 2\t3d-graphics-engine-master\t3d\t3d\debug\t3d.tlog\link.read.1.tlog
d:\ddocuments\2019 sem 1\2019 sem 2\kit307 computer graphics\assignment 2\2 after tut 2\t3d-graphics-engine-master\t3d\t3d\debug\t3d.tlog\link.write.1.tlog
